0 info it worked if it ends with ok
1 verbose cli [ 'node', '/usr/local/bin/npm', 'install', '-g', 'remotee-sync' ]
2 info using npm@1.4.28
3 info using node@v0.10.34
4 verbose cache add [ 'remotee-sync', null ]
5 verbose cache add name=undefined spec="remotee-sync" args=["remotee-sync",null]
6 verbose parsed url { protocol: null,
6 verbose parsed url   slashes: null,
6 verbose parsed url   auth: null,
6 verbose parsed url   host: null,
6 verbose parsed url   port: null,
6 verbose parsed url   hostname: null,
6 verbose parsed url   hash: null,
6 verbose parsed url   search: null,
6 verbose parsed url   query: null,
6 verbose parsed url   pathname: 'remotee-sync',
6 verbose parsed url   path: 'remotee-sync',
6 verbose parsed url   href: 'remotee-sync' }
7 silly lockFile b85116a6-remotee-sync remotee-sync
8 verbose lock remotee-sync /Users/xavier/.npm/b85116a6-remotee-sync.lock
9 silly lockFile b85116a6-remotee-sync remotee-sync
10 silly lockFile b85116a6-remotee-sync remotee-sync
11 verbose addNamed [ 'remotee-sync', '' ]
12 verbose addNamed [ null, '*' ]
13 silly lockFile 96dd131a-remotee-sync remotee-sync@
14 verbose lock remotee-sync@ /Users/xavier/.npm/96dd131a-remotee-sync.lock
15 silly addNameRange { name: 'remotee-sync', range: '*', hasData: false }
16 verbose request where is /remotee-sync
17 verbose request registry https://registry.npmjs.org/
18 verbose request id 73624d29337a37e5
19 verbose url raw /remotee-sync
20 verbose url resolving [ 'https://registry.npmjs.org/', './remotee-sync' ]
21 verbose url resolved https://registry.npmjs.org/remotee-sync
22 verbose request where is https://registry.npmjs.org/remotee-sync
23 info trying registry request attempt 1 at 23:21:07
24 http GET https://registry.npmjs.org/remotee-sync
25 http 200 https://registry.npmjs.org/remotee-sync
26 silly registry.get cb [ 200,
26 silly registry.get   { date: 'Sun, 25 Jan 2015 05:21:08 GMT',
26 silly registry.get     server: 'CouchDB/1.5.0 (Erlang OTP/R16B03)',
26 silly registry.get     etag: '"5A8ZWNFODFVYZ4MLDQPVIJ8R3"',
26 silly registry.get     'content-type': 'application/json',
26 silly registry.get     'cache-control': 'max-age=60',
26 silly registry.get     'content-length': '17077',
26 silly registry.get     'accept-ranges': 'bytes',
26 silly registry.get     via: '1.1 varnish',
26 silly registry.get     age: '0',
26 silly registry.get     'x-served-by': 'cache-ord1725-ORD',
26 silly registry.get     'x-cache': 'MISS',
26 silly registry.get     'x-cache-hits': '0',
26 silly registry.get     'x-timer': 'S1422163268.207275,VS0,VE326',
26 silly registry.get     vary: 'Accept',
26 silly registry.get     'keep-alive': 'timeout=10, max=50',
26 silly registry.get     connection: 'Keep-Alive' } ]
27 silly addNameRange number 2 { name: 'remotee-sync', range: '*', hasData: true }
28 silly addNameRange versions [ 'remotee-sync',
28 silly addNameRange   [ '0.0.1',
28 silly addNameRange     '0.0.2',
28 silly addNameRange     '1.0.0',
28 silly addNameRange     '1.0.1',
28 silly addNameRange     '1.0.2',
28 silly addNameRange     '1.0.3',
28 silly addNameRange     '1.0.4',
28 silly addNameRange     '1.0.5' ] ]
29 verbose addNamed [ 'remotee-sync', '1.0.5' ]
30 verbose addNamed [ '1.0.5', '1.0.5' ]
31 silly lockFile f2e99a81-remotee-sync-1-0-5 remotee-sync@1.0.5
32 verbose lock remotee-sync@1.0.5 /Users/xavier/.npm/f2e99a81-remotee-sync-1-0-5.lock
33 silly lockFile 49e6c847-otee-sync-remotee-sync-1-0-5-tgz https://registry.npmjs.org/remotee-sync/-/remotee-sync-1.0.5.tgz
34 verbose lock https://registry.npmjs.org/remotee-sync/-/remotee-sync-1.0.5.tgz /Users/xavier/.npm/49e6c847-otee-sync-remotee-sync-1-0-5-tgz.lock
35 verbose addRemoteTarball [ 'https://registry.npmjs.org/remotee-sync/-/remotee-sync-1.0.5.tgz',
35 verbose addRemoteTarball   'd81bc050ac1b24fdb051ee2856ee8d5e25880193' ]
36 info retry fetch attempt 1 at 23:21:08
37 verbose fetch to= /var/folders/m4/zl7srpfn6996vj913g6k2ws00000gn/T/npm-64230-ryJcjbCS/registry.npmjs.org/remotee-sync/-/remotee-sync-1.0.5.tgz
38 http GET https://registry.npmjs.org/remotee-sync/-/remotee-sync-1.0.5.tgz
39 http 200 https://registry.npmjs.org/remotee-sync/-/remotee-sync-1.0.5.tgz
40 silly lockFile 49e6c847-otee-sync-remotee-sync-1-0-5-tgz https://registry.npmjs.org/remotee-sync/-/remotee-sync-1.0.5.tgz
41 silly lockFile 49e6c847-otee-sync-remotee-sync-1-0-5-tgz https://registry.npmjs.org/remotee-sync/-/remotee-sync-1.0.5.tgz
42 silly lockFile f2e99a81-remotee-sync-1-0-5 remotee-sync@1.0.5
43 silly lockFile f2e99a81-remotee-sync-1-0-5 remotee-sync@1.0.5
44 silly lockFile 96dd131a-remotee-sync remotee-sync@
45 silly lockFile 96dd131a-remotee-sync remotee-sync@
46 silly resolved [ { name: 'remotee-sync',
46 silly resolved     description: 'Import remote ExpressionEngine databases into your local',
46 silly resolved     version: '1.0.5',
46 silly resolved     homepage: 'https://www.npmjs.com/package/remotee-sync',
46 silly resolved     author:
46 silly resolved      { name: 'Khaliq Gant',
46 silly resolved        email: 'khaliqgant@gmail.com',
46 silly resolved        url: 'https://github.com/khaliqgant' },
46 silly resolved     repository:
46 silly resolved      { type: 'git',
46 silly resolved        url: 'https://github.com/khaliqgant/remotee-sync' },
46 silly resolved     engines: { node: '>= 0.8.0' },
46 silly resolved     bin: { 'remotee-sync': 'bin/remotee-sync.js' },
46 silly resolved     dependencies: { shelljs: '~0.1.4', minimist: '^1.1.0', 'cli-color': 'latest' },
46 silly resolved     devDependencies: { mocha: '*', should: 'latest' },
46 silly resolved     keywords: [ 'mysql', 'database', 'ExpressionEngine' ],
46 silly resolved     gitHead: 'b10a8de87f1418ef8770eb7154397c68ed700482',
46 silly resolved     bugs: { url: 'https://github.com/khaliqgant/remotee-sync/issues' },
46 silly resolved     _id: 'remotee-sync@1.0.5',
46 silly resolved     scripts: {},
46 silly resolved     _shasum: 'd81bc050ac1b24fdb051ee2856ee8d5e25880193',
46 silly resolved     _from: 'remotee-sync@',
46 silly resolved     _npmVersion: '2.0.2',
46 silly resolved     _nodeVersion: '0.10.32',
46 silly resolved     _npmUser: { name: 'khaliqgant', email: 'khaliqgant@gmail.com' },
46 silly resolved     maintainers: [ [Object] ],
46 silly resolved     dist:
46 silly resolved      { shasum: 'd81bc050ac1b24fdb051ee2856ee8d5e25880193',
46 silly resolved        tarball: 'http://registry.npmjs.org/remotee-sync/-/remotee-sync-1.0.5.tgz' },
46 silly resolved     directories: {},
46 silly resolved     _resolved: 'https://registry.npmjs.org/remotee-sync/-/remotee-sync-1.0.5.tgz' } ]
47 info install remotee-sync@1.0.5 into /usr/local/lib
48 info installOne remotee-sync@1.0.5
49 verbose lib/node_modules/remotee-sync unbuild
50 verbose tar unpack /Users/xavier/.npm/remotee-sync/1.0.5/package.tgz
51 silly lockFile 6d690699-al-lib-node-modules-remotee-sync tar:///usr/local/lib/node_modules/remotee-sync
52 verbose lock tar:///usr/local/lib/node_modules/remotee-sync /Users/xavier/.npm/6d690699-al-lib-node-modules-remotee-sync.lock
53 silly lockFile be3bd199-m-remotee-sync-1-0-5-package-tgz tar:///Users/xavier/.npm/remotee-sync/1.0.5/package.tgz
54 verbose lock tar:///Users/xavier/.npm/remotee-sync/1.0.5/package.tgz /Users/xavier/.npm/be3bd199-m-remotee-sync-1-0-5-package-tgz.lock
55 silly gunzTarPerm modes [ '755', '644' ]
56 error Error: EACCES, mkdir '/usr/local/lib/node_modules/remotee-sync'
56 error  { [Error: EACCES, mkdir '/usr/local/lib/node_modules/remotee-sync']
56 error   errno: 3,
56 error   code: 'EACCES',
56 error   path: '/usr/local/lib/node_modules/remotee-sync',
56 error   fstream_type: 'Directory',
56 error   fstream_path: '/usr/local/lib/node_modules/remotee-sync',
56 error   fstream_class: 'DirWriter',
56 error   fstream_stack:
56 error    [ '/usr/local/lib/node_modules/npm/node_modules/fstream/lib/dir-writer.js:36:23',
56 error      '/usr/local/lib/node_modules/npm/node_modules/mkdirp/index.js:46:53',
56 error      'Object.oncomplete (fs.js:108:15)' ] }
57 error Please try running this command again as root/Administrator.
58 error System Darwin 14.0.0
59 error command "node" "/usr/local/bin/npm" "install" "-g" "remotee-sync"
60 error cwd /Users/xavier/Desktop/1stpay-learn
61 error node -v v0.10.34
62 error npm -v 1.4.28
63 error path /usr/local/lib/node_modules/remotee-sync
64 error fstream_path /usr/local/lib/node_modules/remotee-sync
65 error fstream_type Directory
66 error fstream_class DirWriter
67 error code EACCES
68 error errno 3
69 error stack Error: EACCES, mkdir '/usr/local/lib/node_modules/remotee-sync'
70 error fstream_stack /usr/local/lib/node_modules/npm/node_modules/fstream/lib/dir-writer.js:36:23
70 error fstream_stack /usr/local/lib/node_modules/npm/node_modules/mkdirp/index.js:46:53
70 error fstream_stack Object.oncomplete (fs.js:108:15)
71 verbose exit [ 3, true ]
